C:\USERS\JSCSJ_000\DOCUMENTS\VISUAL STUDIO 2012\PROJECTS\BCOD\BCOD\DEBUG\BCOD.OBJ
C:\USERS\JSCSJ_000\DOCUMENTS\VISUAL STUDIO 2012\PROJECTS\BCOD\BCOD\DEBUG\MAIN.OBJ
C:\USERS\JSCSJ_000\DOCUMENTS\VISUAL STUDIO 2012\PROJECTS\BCOD\BCOD\DEBUG\VC110.PDB
C:\USERS\JSCSJ_000\DOCUMENTS\VISUAL STUDIO 2012\PROJECTS\BCOD\DEBUG\BCOD.ILK
C:\USERS\JSCSJ_000\DOCUMENTS\VISUAL STUDIO 2012\PROJECTS\BCOD\DEBUG\BCOD.EXE
C:\USERS\JSCSJ_000\DOCUMENTS\VISUAL STUDIO 2012\PROJECTS\BCOD\DEBUG\BCOD.PDB
C:\Users\jscsj_000\documents\visual studio 2012\Projects\BCOD\BCOD\Debug\BCOD.obj
C:\Users\jscsj_000\documents\visual studio 2012\Projects\BCOD\BCOD\Debug\Main.obj
C:\Users\jscsj_000\documents\visual studio 2012\Projects\BCOD\BCOD\Debug\cl.command.1.tlog
C:\Users\jscsj_000\documents\visual studio 2012\Projects\BCOD\BCOD\Debug\CL.read.1.tlog
C:\Users\jscsj_000\documents\visual studio 2012\Projects\BCOD\BCOD\Debug\CL.write.1.tlog
C:\Users\jscsj_000\documents\visual studio 2012\Projects\BCOD\BCOD\Debug\link-cvtres.read.1.tlog
C:\Users\jscsj_000\documents\visual studio 2012\Projects\BCOD\BCOD\Debug\link-cvtres.write.1.tlog
C:\Users\jscsj_000\documents\visual studio 2012\Projects\BCOD\BCOD\Debug\link-rc.read.1.tlog
C:\Users\jscsj_000\documents\visual studio 2012\Projects\BCOD\BCOD\Debug\link-rc.write.1.tlog
C:\Users\jscsj_000\documents\visual studio 2012\Projects\BCOD\BCOD\Debug\link.1256-cvtres.read.1.tlog
C:\Users\jscsj_000\documents\visual studio 2012\Projects\BCOD\BCOD\Debug\link.1256-cvtres.write.1.tlog
C:\Users\jscsj_000\documents\visual studio 2012\Projects\BCOD\BCOD\Debug\link.1256-rc.read.1.tlog
C:\Users\jscsj_000\documents\visual studio 2012\Projects\BCOD\BCOD\Debug\link.1256-rc.write.1.tlog
C:\Users\jscsj_000\documents\visual studio 2012\Projects\BCOD\BCOD\Debug\link.1256.read.1.tlog
C:\Users\jscsj_000\documents\visual studio 2012\Projects\BCOD\BCOD\Debug\link.1256.write.1.tlog
C:\Users\jscsj_000\documents\visual studio 2012\Projects\BCOD\BCOD\Debug\link.1376-cvtres.read.1.tlog
C:\Users\jscsj_000\documents\visual studio 2012\Projects\BCOD\BCOD\Debug\link.1376-cvtres.write.1.tlog
C:\Users\jscsj_000\documents\visual studio 2012\Projects\BCOD\BCOD\Debug\link.1376-rc.read.1.tlog
C:\Users\jscsj_000\documents\visual studio 2012\Projects\BCOD\BCOD\Debug\link.1376-rc.write.1.tlog
C:\Users\jscsj_000\documents\visual studio 2012\Projects\BCOD\BCOD\Debug\link.1376.read.1.tlog
C:\Users\jscsj_000\documents\visual studio 2012\Projects\BCOD\BCOD\Debug\link.1376.write.1.tlog
C:\Users\jscsj_000\documents\visual studio 2012\Projects\BCOD\BCOD\Debug\link.1836-cvtres.read.1.tlog
C:\Users\jscsj_000\documents\visual studio 2012\Projects\BCOD\BCOD\Debug\link.1836-cvtres.write.1.tlog
C:\Users\jscsj_000\documents\visual studio 2012\Projects\BCOD\BCOD\Debug\link.1836-rc.read.1.tlog
C:\Users\jscsj_000\documents\visual studio 2012\Projects\BCOD\BCOD\Debug\link.1836-rc.write.1.tlog
C:\Users\jscsj_000\documents\visual studio 2012\Projects\BCOD\BCOD\Debug\link.1836.read.1.tlog
C:\Users\jscsj_000\documents\visual studio 2012\Projects\BCOD\BCOD\Debug\link.1836.write.1.tlog
C:\Users\jscsj_000\documents\visual studio 2012\Projects\BCOD\BCOD\Debug\link.2848-cvtres.read.1.tlog
C:\Users\jscsj_000\documents\visual studio 2012\Projects\BCOD\BCOD\Debug\link.2848-cvtres.write.1.tlog
C:\Users\jscsj_000\documents\visual studio 2012\Projects\BCOD\BCOD\Debug\link.2848-rc.read.1.tlog
C:\Users\jscsj_000\documents\visual studio 2012\Projects\BCOD\BCOD\Debug\link.2848-rc.write.1.tlog
C:\Users\jscsj_000\documents\visual studio 2012\Projects\BCOD\BCOD\Debug\link.2848.read.1.tlog
C:\Users\jscsj_000\documents\visual studio 2012\Projects\BCOD\BCOD\Debug\link.2848.write.1.tlog
C:\Users\jscsj_000\documents\visual studio 2012\Projects\BCOD\BCOD\Debug\link.2932-cvtres.read.1.tlog
C:\Users\jscsj_000\documents\visual studio 2012\Projects\BCOD\BCOD\Debug\link.2932-cvtres.write.1.tlog
C:\Users\jscsj_000\documents\visual studio 2012\Projects\BCOD\BCOD\Debug\link.2932-rc.read.1.tlog
C:\Users\jscsj_000\documents\visual studio 2012\Projects\BCOD\BCOD\Debug\link.2932-rc.write.1.tlog
C:\Users\jscsj_000\documents\visual studio 2012\Projects\BCOD\BCOD\Debug\link.2932.read.1.tlog
C:\Users\jscsj_000\documents\visual studio 2012\Projects\BCOD\BCOD\Debug\link.2932.write.1.tlog
C:\Users\jscsj_000\documents\visual studio 2012\Projects\BCOD\BCOD\Debug\link.3180-cvtres.read.1.tlog
C:\Users\jscsj_000\documents\visual studio 2012\Projects\BCOD\BCOD\Debug\link.3180-cvtres.write.1.tlog
C:\Users\jscsj_000\documents\visual studio 2012\Projects\BCOD\BCOD\Debug\link.3180-rc.read.1.tlog
C:\Users\jscsj_000\documents\visual studio 2012\Projects\BCOD\BCOD\Debug\link.3180-rc.write.1.tlog
C:\Users\jscsj_000\documents\visual studio 2012\Projects\BCOD\BCOD\Debug\link.3180.read.1.tlog
C:\Users\jscsj_000\documents\visual studio 2012\Projects\BCOD\BCOD\Debug\link.3180.write.1.tlog
C:\Users\jscsj_000\documents\visual studio 2012\Projects\BCOD\BCOD\Debug\link.392-cvtres.read.1.tlog
C:\Users\jscsj_000\documents\visual studio 2012\Projects\BCOD\BCOD\Debug\link.392-cvtres.write.1.tlog
C:\Users\jscsj_000\documents\visual studio 2012\Projects\BCOD\BCOD\Debug\link.392-rc.read.1.tlog
C:\Users\jscsj_000\documents\visual studio 2012\Projects\BCOD\BCOD\Debug\link.392-rc.write.1.tlog
C:\Users\jscsj_000\documents\visual studio 2012\Projects\BCOD\BCOD\Debug\link.392.read.1.tlog
C:\Users\jscsj_000\documents\visual studio 2012\Projects\BCOD\BCOD\Debug\link.392.write.1.tlog
C:\Users\jscsj_000\documents\visual studio 2012\Projects\BCOD\BCOD\Debug\link.4152-cvtres.read.1.tlog
C:\Users\jscsj_000\documents\visual studio 2012\Projects\BCOD\BCOD\Debug\link.4152-cvtres.write.1.tlog
C:\Users\jscsj_000\documents\visual studio 2012\Projects\BCOD\BCOD\Debug\link.4152-rc.read.1.tlog
C:\Users\jscsj_000\documents\visual studio 2012\Projects\BCOD\BCOD\Debug\link.4152-rc.write.1.tlog
C:\Users\jscsj_000\documents\visual studio 2012\Projects\BCOD\BCOD\Debug\link.4152.read.1.tlog
C:\Users\jscsj_000\documents\visual studio 2012\Projects\BCOD\BCOD\Debug\link.4152.write.1.tlog
C:\Users\jscsj_000\documents\visual studio 2012\Projects\BCOD\BCOD\Debug\link.4356-cvtres.read.1.tlog
C:\Users\jscsj_000\documents\visual studio 2012\Projects\BCOD\BCOD\Debug\link.4356-cvtres.write.1.tlog
C:\Users\jscsj_000\documents\visual studio 2012\Projects\BCOD\BCOD\Debug\link.4356-rc.read.1.tlog
C:\Users\jscsj_000\documents\visual studio 2012\Projects\BCOD\BCOD\Debug\link.4356-rc.write.1.tlog
C:\Users\jscsj_000\documents\visual studio 2012\Projects\BCOD\BCOD\Debug\link.4356.read.1.tlog
C:\Users\jscsj_000\documents\visual studio 2012\Projects\BCOD\BCOD\Debug\link.4356.write.1.tlog
C:\Users\jscsj_000\documents\visual studio 2012\Projects\BCOD\BCOD\Debug\link.4676-cvtres.read.1.tlog
C:\Users\jscsj_000\documents\visual studio 2012\Projects\BCOD\BCOD\Debug\link.4676-cvtres.write.1.tlog
C:\Users\jscsj_000\documents\visual studio 2012\Projects\BCOD\BCOD\Debug\link.4676-rc.read.1.tlog
C:\Users\jscsj_000\documents\visual studio 2012\Projects\BCOD\BCOD\Debug\link.4676-rc.write.1.tlog
C:\Users\jscsj_000\documents\visual studio 2012\Projects\BCOD\BCOD\Debug\link.4676.read.1.tlog
C:\Users\jscsj_000\documents\visual studio 2012\Projects\BCOD\BCOD\Debug\link.4676.write.1.tlog
C:\Users\jscsj_000\documents\visual studio 2012\Projects\BCOD\BCOD\Debug\link.532-cvtres.read.1.tlog
C:\Users\jscsj_000\documents\visual studio 2012\Projects\BCOD\BCOD\Debug\link.532-cvtres.write.1.tlog
C:\Users\jscsj_000\documents\visual studio 2012\Projects\BCOD\BCOD\Debug\link.532-rc.read.1.tlog
C:\Users\jscsj_000\documents\visual studio 2012\Projects\BCOD\BCOD\Debug\link.532-rc.write.1.tlog
C:\Users\jscsj_000\documents\visual studio 2012\Projects\BCOD\BCOD\Debug\link.532.read.1.tlog
C:\Users\jscsj_000\documents\visual studio 2012\Projects\BCOD\BCOD\Debug\link.532.write.1.tlog
C:\Users\jscsj_000\documents\visual studio 2012\Projects\BCOD\BCOD\Debug\link.5400-cvtres.read.1.tlog
C:\Users\jscsj_000\documents\visual studio 2012\Projects\BCOD\BCOD\Debug\link.5400-cvtres.write.1.tlog
C:\Users\jscsj_000\documents\visual studio 2012\Projects\BCOD\BCOD\Debug\link.5400-rc.read.1.tlog
C:\Users\jscsj_000\documents\visual studio 2012\Projects\BCOD\BCOD\Debug\link.5400-rc.write.1.tlog
C:\Users\jscsj_000\documents\visual studio 2012\Projects\BCOD\BCOD\Debug\link.5400.read.1.tlog
C:\Users\jscsj_000\documents\visual studio 2012\Projects\BCOD\BCOD\Debug\link.5400.write.1.tlog
C:\Users\jscsj_000\documents\visual studio 2012\Projects\BCOD\BCOD\Debug\link.5588-cvtres.read.1.tlog
C:\Users\jscsj_000\documents\visual studio 2012\Projects\BCOD\BCOD\Debug\link.5588-cvtres.write.1.tlog
C:\Users\jscsj_000\documents\visual studio 2012\Projects\BCOD\BCOD\Debug\link.5588-rc.read.1.tlog
C:\Users\jscsj_000\documents\visual studio 2012\Projects\BCOD\BCOD\Debug\link.5588-rc.write.1.tlog
C:\Users\jscsj_000\documents\visual studio 2012\Projects\BCOD\BCOD\Debug\link.5588.read.1.tlog
C:\Users\jscsj_000\documents\visual studio 2012\Projects\BCOD\BCOD\Debug\link.5588.write.1.tlog
C:\Users\jscsj_000\documents\visual studio 2012\Projects\BCOD\BCOD\Debug\link.6392-cvtres.read.1.tlog
C:\Users\jscsj_000\documents\visual studio 2012\Projects\BCOD\BCOD\Debug\link.6392-cvtres.write.1.tlog
C:\Users\jscsj_000\documents\visual studio 2012\Projects\BCOD\BCOD\Debug\link.6392-rc.read.1.tlog
C:\Users\jscsj_000\documents\visual studio 2012\Projects\BCOD\BCOD\Debug\link.6392-rc.write.1.tlog
C:\Users\jscsj_000\documents\visual studio 2012\Projects\BCOD\BCOD\Debug\link.6392.read.1.tlog
C:\Users\jscsj_000\documents\visual studio 2012\Projects\BCOD\BCOD\Debug\link.6392.write.1.tlog
C:\Users\jscsj_000\documents\visual studio 2012\Projects\BCOD\BCOD\Debug\link.6852-cvtres.read.1.tlog
C:\Users\jscsj_000\documents\visual studio 2012\Projects\BCOD\BCOD\Debug\link.6852-cvtres.write.1.tlog
C:\Users\jscsj_000\documents\visual studio 2012\Projects\BCOD\BCOD\Debug\link.6852-rc.read.1.tlog
C:\Users\jscsj_000\documents\visual studio 2012\Projects\BCOD\BCOD\Debug\link.6852-rc.write.1.tlog
C:\Users\jscsj_000\documents\visual studio 2012\Projects\BCOD\BCOD\Debug\link.6852.read.1.tlog
C:\Users\jscsj_000\documents\visual studio 2012\Projects\BCOD\BCOD\Debug\link.6852.write.1.tlog
C:\Users\jscsj_000\documents\visual studio 2012\Projects\BCOD\BCOD\Debug\link.6944-cvtres.read.1.tlog
C:\Users\jscsj_000\documents\visual studio 2012\Projects\BCOD\BCOD\Debug\link.6944-cvtres.write.1.tlog
C:\Users\jscsj_000\documents\visual studio 2012\Projects\BCOD\BCOD\Debug\link.6944-rc.read.1.tlog
C:\Users\jscsj_000\documents\visual studio 2012\Projects\BCOD\BCOD\Debug\link.6944-rc.write.1.tlog
C:\Users\jscsj_000\documents\visual studio 2012\Projects\BCOD\BCOD\Debug\link.6944.read.1.tlog
C:\Users\jscsj_000\documents\visual studio 2012\Projects\BCOD\BCOD\Debug\link.6944.write.1.tlog
C:\Users\jscsj_000\documents\visual studio 2012\Projects\BCOD\BCOD\Debug\link.command.1.tlog
C:\Users\jscsj_000\documents\visual studio 2012\Projects\BCOD\BCOD\Debug\link.read.1.tlog
C:\Users\jscsj_000\documents\visual studio 2012\Projects\BCOD\BCOD\Debug\link.write.1.tlog
C:\Users\jscsj_000\documents\visual studio 2012\Projects\BCOD\BCOD\Debug\vc110.idb
C:\Users\jscsj_000\documents\visual studio 2012\Projects\BCOD\BCOD\Debug\vc110.pdb
C:\Users\jscsj_000\documents\visual studio 2012\Projects\BCOD\Debug\BCOD.pdb
C:\Users\jscsj_000\documents\visual studio 2012\Projects\BCOD\Debug\BCOD.exe
C:\Users\jscsj_000\documents\visual studio 2012\Projects\BCOD\Debug\BCOD.ilk
